********************************************************************
                    CHECKING THE CONFIGURATION
********************************************************************
Checking "BasicRunConfiguration"...... 
"BasicRunConfiguration" checked.
Checking "EvolutionModel"...... 
"EvolutionModel" Checked. 
Checking "SeedsConfiguration"...... 
"SeedsConfiguration" Checked. 
Checking "GenomeElement"...... 
"GenomeElement" Checked.
Checking "NetworkModelParameters"...... 
"NetworkModelParameters" Checked. 
Checking "EpidemiologyModel"...... 
"EpidemiologyModel" Checked. 
Checking "Postprocessing_options"...... 
Post-simulation data processing starts.
The tree will be colored by its trait 1
"Postprocessing_options" Checked. 
********************************************************************
                       CREATING SLIM SCRIPT
********************************************************************
SLiM script: /workdir/sl984/epievosoftware/original_pipeline/demo/data_COVID_step_by_step/simulation.slim
********************************************************************
                     RUNNING THE SIMULATION
********************************************************************
Running simulation for replication 1......
Replication 1 simulation finished.
Processing replication 1 treesequence file...
Plotting transmission tree for replication 1...
Plotting seed 0's transmission tree...
Error in prepare_heatmap_data(color_value_df, g1, n_dr, n_trans) : 
  could not find function "prepare_heatmap_data"
Calls: main ... plot_transmission_tree -> plot_transmission_tree_helper
Execution halted
Plotting strain distribution trajectory for replication 1...
Plotting SEIR trajectory for replication 1...


Running simulation for replication 2......
Replication 2 simulation finished.
Processing replication 2 treesequence file...
WARNING: There's no mutations related to any trait in samples from this replication.
Plotting transmission tree for replication 2...
Plotting seed 0's transmission tree...
No samples for this seed's progeny.
Plotting strain distribution trajectory for replication 2...
Plotting SEIR trajectory for replication 2...


Running simulation for replication 3......
Replication 3 simulation finished.
Processing replication 3 treesequence file...
Plotting transmission tree for replication 3...
Plotting seed 0's transmission tree...
Error in prepare_drug_resist_heatmap_data(color_value_df, g1, n_dr, n_trans) : 
  could not find function "prepare_drug_resist_heatmap_data"
Calls: main ... plot_transmission_tree -> plot_transmission_tree_helper
Execution halted
Plotting strain distribution trajectory for replication 3...
Plotting SEIR trajectory for replication 3...


Plotting the aggregated SEIR trajectory...
Plotting the aggregated strain distribution trajectory...
********************************************************************
                FINISHED. THANK YOU FOR USING.
********************************************************************
