// Initial random seed:
37130547212968

// RunInitializeCallbacks():
initializeSLiMModelType(modelType = 'nonWF');
initializeSLiMOptions(nucleotideBased = T);
initializeTreeSeq();
initializeAncestralNucleotides("ATTAAAGGTTTATACCTTCC...");
initializeRecombinationRate(0);
initializeMutationTypeNuc(0, 1, "f", 0);
initializeGenomicElementType(0, m0, 1);
initializeMutationTypeNuc(1, 1, "f", 0);
initializeGenomicElementType(1, m1, 1);
initializeGenomicElement(g0, 0, 449);
initializeGenomicElement(g1, 450, 499);
initializeGenomicElement(g0, 500, 649);
initializeGenomicElement(g1, 650, 999);
initializeGenomicElement(g0, 1000, 4299);
initializeGenomicElement(g1, 4300, 4499);
initializeGenomicElement(g0, 4500, 29890);

// Starting run at tick <start>:
1 

"Scheduling block"
2
3
4
5
6
7
8
